SF:src\ThesisProject.jl
LH:0
LF:0
end_of_record
SF:src\core\api.jl
DA:29,46
DA:38,0
DA:39,0
DA:42,0
DA:43,0
DA:46,0
DA:47,0
DA:50,0
DA:51,0
DA:54,0
DA:55,0
DA:58,0
DA:59,0
DA:62,0
DA:63,0
DA:67,0
DA:68,0
DA:72,0
DA:73,0
LH:1
LF:19
end_of_record
SF:src\core\model_contract.jl
DA:12,0
DA:13,0
DA:22,0
DA:23,0
DA:32,0
DA:33,0
DA:42,0
DA:43,0
LH:0
LF:8
end_of_record
SF:src\core\model_factory.jl
DA:13,18
DA:14,18
DA:15,18
DA:16,18
DA:17,18
DA:22,18
DA:23,18
DA:28,0
DA:29,0
LH:7
LF:9
end_of_record
SF:src\methods\EGM.jl
DA:14,18
DA:22,18
DA:23,36
DA:24,18
DA:25,0
DA:29,18
DA:30,34
DA:31,18
DA:48,92
DA:55,46
DA:56,46
DA:57,46
DA:58,46
DA:61,62
DA:62,16
DA:63,16
DA:64,16
DA:66,16
DA:67,32
DA:69,2
DA:70,2
DA:71,2
DA:72,2
DA:73,14
DA:74,14
DA:77,0
DA:78,0
DA:80,0
DA:84,76
DA:85,30
DA:86,30
DA:87,30
DA:88,30
DA:89,30
DA:90,30
DA:91,60
DA:92,0
DA:93,0
DA:94,0
DA:95,0
DA:96,0
DA:97,0
DA:98,0
DA:99,0
DA:100,0
DA:101,0
DA:102,0
DA:103,30
DA:104,30
DA:106,0
DA:107,0
DA:109,0
DA:113,76
DA:116,46
DA:117,48
DA:118,76
DA:143,46
DA:144,46
DA:145,46
DA:146,46
DA:155,46
DA:156,46
DA:170,590
DA:171,420
DA:173,138
DA:174,138
DA:176,46
DA:177,46
DA:178,46
DA:180,46
DA:181,46
DA:182,46
DA:183,0
DA:184,0
DA:186,46
DA:187,0
DA:188,0
DA:190,46
DA:191,0
DA:192,0
DA:194,46
DA:195,0
DA:196,0
DA:198,46
DA:199,46
DA:200,0
DA:201,0
DA:205,46
DA:207,46
DA:214,46
LH:62
LF:90
end_of_record
SF:src\models\baseline\ConsumerSaving.jl
DA:10,18
DA:16,18
DA:18,36
DA:19,18
DA:20,18
DA:22,0
DA:26,18
DA:27,18
DA:28,18
DA:29,18
DA:30,18
DA:33,18
DA:34,36
DA:35,6
DA:39,18
DA:40,36
DA:41,0
DA:42,0
DA:43,0
DA:45,12702
DA:46,18
DA:47,150518
DA:49,18
DA:51,18
DA:54,86
DA:55,88
DA:56,84
DA:57,46
LH:24
LF:28
end_of_record
SF:src\models\shared\Shocks.jl
DA:8,4
DA:9,8
DA:14,52
DA:15,156
DA:16,3
DA:17,13
DA:18,20
DA:19,20
DA:20,17
DA:21,10
DA:22,7
DA:25,4
DA:26,14
DA:27,8
DA:28,8
DA:29,8
DA:30,8
DA:31,40
DA:32,104
DA:33,14
DA:34,32
DA:35,58
DA:36,110
DA:37,50
DA:38,86
DA:39,24
DA:40,18
DA:41,72
DA:42,72
DA:43,54
DA:44,60
DA:45,194
DA:46,44
DA:47,6
DA:50,2
DA:51,6
DA:52,6
DA:53,6
DA:54,6
DA:55,14
DA:56,290
DA:57,560
DA:58,60
DA:59,60
DA:60,60
DA:61,60
DA:62,58
DA:63,38
DA:64,6
DA:65,6
DA:66,4
DA:68,2
DA:69,6
DA:70,5
DA:71,16
DA:72,184
DA:73,905
DA:74,1448
DA:75,1087
DA:76,3
DA:77,360
DA:78,1440
DA:79,1080
DA:80,0
DA:82,8
DA:83,20
DA:87,4
DA:88,5
DA:89,8
DA:90,13
DA:91,12
DA:92,6
DA:93,3
DA:94,3
DA:95,12
DA:96,2
DA:97,10
DA:98,8
DA:99,8
DA:100,8
DA:101,12
DA:102,8
DA:103,8
DA:104,8
DA:105,6
DA:106,6
DA:107,6
DA:108,14
DA:109,14
DA:110,6
DA:111,22
DA:112,6
DA:113,0
DA:114,0
DA:115,0
DA:116,6
DA:117,6
DA:119,20
DA:120,12
DA:121,0
DA:122,0
DA:123,0
DA:124,0
DA:125,8
DA:127,14
DA:128,16
DA:132,6
DA:133,12
DA:134,6
DA:135,12
DA:136,12
DA:140,4
DA:141,4
DA:142,4
DA:143,4
DA:144,4
LH:108
LF:116
end_of_record
SF:src\sim\panel.jl
DA:21,72
DA:30,36
DA:32,36
DA:33,36
DA:34,36
DA:36,36
DA:37,36
DA:39,36
DA:40,36
DA:41,36
DA:44,36
DA:46,72
DA:47,72
DA:48,72
DA:49,72
DA:56,36
DA:57,36
DA:58,8
DA:60,28
DA:62,36
DA:64,234
DA:65,46
DA:66,28
DA:67,316
DA:69,1036
DA:70,14
DA:71,14
DA:74,1008
DA:75,1008
DA:76,2198
DA:77,5234
DA:78,5234
DA:79,2184
DA:80,4748
DA:81,10848
DA:82,1176
DA:84,7144
DA:85,182
DA:86,168
DA:87,168
DA:88,168
DA:89,690
DA:90,690
DA:91,1482
DA:92,1296
DA:93,2340
DA:94,654
DA:95,642
DA:96,0
DA:97,1314
DA:98,1938
DA:99,2580
DA:100,1296
DA:101,1284
DA:102,642
DA:103,642
DA:104,1284
DA:105,1926
DA:106,642
DA:107,642
DA:108,660
DA:109,642
DA:110,858
DA:111,858
DA:112,216
DA:114,234
DA:116,906
DA:117,384
DA:118,1224
DA:119,4058
DA:120,2064
DA:121,690
DA:122,168
DA:123,1008
DA:124,4058
DA:125,1848
DA:127,216
DA:128,216
DA:129,1296
DA:130,1512
DA:131,216
DA:132,2304
DA:133,2304
DA:134,2016
DA:135,2016
DA:136,2016
DA:137,3024
DA:138,3024
DA:139,1008
DA:140,1008
DA:141,2304
DA:142,288
DA:143,288
DA:144,576
DA:145,288
DA:146,1584
DA:147,2664
DA:148,414
DA:149,1332
DA:150,2394
DA:151,414
DA:152,54
DA:153,36
DA:154,36
DA:155,18
DA:156,36
DA:157,36
DA:159,18
DA:164,18
DA:167,18
LH:109
LF:110
end_of_record
SF:src\solvers\common\chebyshev.jl
DA:11,6
DA:18,10
DA:25,1
DA:26,1
DA:27,1
DA:28,2
DA:29,1
DA:39,1
DA:40,1
DA:41,1
DA:42,2
DA:43,1
DA:52,1
DA:53,1
DA:54,2
DA:55,12
DA:56,1
DA:57,0
DA:59,1
DA:60,1
DA:62,4
DA:63,3
DA:64,1
LH:22
LF:23
end_of_record
SF:src\solvers\common\interp.jl
DA:9,44
DA:10,2
DA:22,1085444
DA:28,1085444
DA:29,1085444
DA:30,54189400
DA:31,54189400
DA:32,472048
DA:33,53717352
DA:34,333274
DA:36,53384078
DA:37,106768156
DA:38,53384078
DA:39,53384078
DA:40,53384078
DA:41,53384078
DA:42,53384078
DA:43,53384078
DA:45,107293356
DA:46,1085444
DA:58,352
DA:60,352
DA:61,704
DA:62,704
DA:63,704
DA:64,352
DA:65,13656
DA:66,13656
DA:67,26960
DA:69,352
DA:70,352
DA:71,352
DA:72,26608
DA:73,0
DA:74,13304
DA:75,0
DA:77,13304
DA:78,13304
DA:79,13304
DA:81,26256
DA:82,352
DA:95,356
DA:101,358
DA:102,356
DA:104,352
DA:105,352
DA:106,14010
DA:107,14010
DA:108,354
DA:109,354
DA:110,13656
DA:111,6
DA:112,6
DA:114,13650
DA:115,13650
DA:116,13650
DA:117,13650
DA:118,13650
DA:119,13650
DA:120,13650
DA:121,13650
DA:122,13650
DA:123,13650
DA:124,13650
DA:125,27668
DA:126,352
LH:64
LF:66
end_of_record
SF:src\solvers\common\value_fun.jl
DA:13,30
DA:14,15
DA:15,15
DA:16,42
DA:17,35
DA:18,37
DA:20,20
DA:21,22
DA:22,16
DA:23,381
DA:24,188
DA:25,173
DA:26,173
DA:27,1
DA:28,0
DA:29,364
DA:30,350
DA:31,6
DA:33,315
DA:34,13
DA:35,7
DA:36,12
DA:37,1571
DA:38,1744
DA:39,1571
DA:40,12
DA:41,28
DA:42,1745
DA:43,3132
DA:44,0
DA:45,14
DA:46,14
DA:48,23
DA:49,23
DA:50,42
DA:51,38
DA:52,38
DA:53,14
DA:54,9
DA:55,23
DA:56,14
DA:57,23
DA:58,3023
DA:59,20218
DA:60,20908
DA:61,25202
DA:62,174631
DA:63,174631
DA:64,174631
DA:65,384340
DA:66,264553
DA:67,247344
DA:68,246713
DA:69,243539
DA:70,35421
DA:71,9400
DA:72,10970
DA:73,14
DA:75,4956
DA:76,4965
DA:77,9
DA:78,14
DA:79,10
DA:80,10
DA:82,9
DA:83,9
DA:85,9
DA:86,3009
DA:87,20218
DA:88,20894
DA:89,20218
DA:90,139836
DA:91,139836
DA:92,139836
DA:93,140174
DA:94,20387
DA:95,3178
DA:96,3178
DA:97,9
DA:99,3168
DA:100,6000
DA:101,0
LH:79
LF:82
end_of_record
SF:src\solvers\egm\kernel.jl
DA:18,32
DA:31,16
DA:33,16
DA:34,16
DA:35,16
DA:36,16
DA:38,16
DA:39,16
DA:40,16
DA:43,16
DA:44,16
DA:47,18
DA:48,18
DA:49,18
DA:51,16
DA:52,16
DA:53,16
DA:54,16
DA:55,16
DA:56,18
DA:58,16
DA:59,3080
DA:61,3080
DA:62,3080
DA:64,3080
DA:65,2730
DA:66,350
DA:67,350
DA:69,0
DA:72,3430
DA:73,3080
DA:74,3080
DA:77,3080
DA:78,350
DA:79,13650
DA:80,0
DA:82,13650
DA:85,3080
DA:86,3430
DA:88,3080
DA:89,3080
DA:91,3080
DA:92,0
DA:94,3080
DA:95,3080
DA:98,3080
DA:99,0
DA:102,3080
DA:103,16
DA:104,16
DA:106,3064
DA:109,16
DA:110,16
DA:112,16
DA:113,16
DA:125,16
DA:137,60
DA:152,30
DA:154,30
DA:155,30
DA:156,30
DA:157,30
DA:159,30
DA:160,30
DA:161,30
DA:163,30
DA:164,30
DA:165,30
DA:166,30
DA:168,30
DA:169,30
DA:170,30
DA:171,30
DA:172,30
DA:174,30
DA:175,60
DA:176,30
DA:177,60
DA:178,60
DA:179,30
DA:181,30
DA:182,11370
DA:184,11370
DA:185,79590
DA:187,3979500
DA:188,3979500
DA:190,79590
DA:191,79590
DA:192,557130
DA:193,557130
DA:194,0
DA:195,0
DA:197,0
DA:199,557130
DA:200,1034670
DA:202,79590
DA:203,79590
DA:204,3979500
DA:206,3979500
DA:207,3979500
DA:209,79590
DA:210,0
DA:211,0
DA:212,0
DA:214,0
DA:216,147810
DA:218,22740
DA:219,22740
DA:221,11370
DA:222,11370
DA:224,11370
DA:225,30
DA:226,30
DA:229,11340
DA:230,1020
DA:232,10320
DA:233,10320
DA:236,11340
DA:237,0
DA:239,11340
DA:241,30
DA:242,30
DA:254,30
LH:111
LF:123
end_of_record
SF:src\solvers\egm\residuals.jl
DA:12,3088
DA:13,6176
DA:16,6176
DA:17,6176
DA:19,3088
DA:20,3088
DA:21,3088
DA:23,6176
DA:24,3088
DA:36,3045
DA:41,3
DA:42,3
DA:43,3042
DA:44,3045
DA:45,3045
DA:46,3046
DA:47,3
DA:48,3041
DA:49,3047
DA:50,3041
DA:52,6091
DA:53,6
DA:54,6
DA:55,7451049
DA:56,7448014
DA:57,7448011
DA:58,64008
DA:59,7384003
DA:60,68498
DA:61,3
DA:62,7315511
DA:63,14631019
DA:64,7315511
DA:65,7315511
DA:66,7315511
DA:67,7315508
DA:68,7315508
DA:69,7315508
DA:70,3
DA:71,6
DA:72,6
DA:73,3047
DA:74,21288
DA:75,21288
DA:76,1064013
DA:77,1064007
DA:78,1064004
DA:79,1064004
DA:80,7448008
DA:81,7448008
DA:82,13832012
DA:83,1064004
DA:84,2106726
DA:85,39523
DA:86,3041
DA:89,8366
DA:96,8366
DA:97,8366
DA:98,8366
DA:99,8369
DA:101,8363
DA:102,8363
DA:103,8363
DA:105,16726
DA:108,20490387
DA:109,20482024
DA:110,20482024
DA:111,176022
DA:112,20306002
DA:113,188354
DA:115,20117648
DA:116,40235296
DA:117,20117648
DA:118,20117648
DA:119,20117648
DA:120,20117648
DA:121,20117648
DA:122,20117648
DA:126,8363
DA:127,58526
DA:128,58526
DA:129,2926012
DA:130,2926012
DA:131,2926012
DA:132,2926012
DA:133,20482024
DA:134,20482024
DA:135,38038036
DA:136,2926012
DA:137,5793498
DA:138,108689
DA:139,8363
LH:92
LF:92
end_of_record
SF:src\utils\Config.jl
DA:8,510
DA:9,510
DA:10,152
DA:11,358
DA:12,0
DA:14,358
DA:23,22
DA:24,22
DA:25,22
DA:34,4
DA:36,4
DA:37,4
DA:38,16
DA:39,20
DA:40,4
DA:43,4
DA:46,4
DA:47,4
DA:48,12
DA:49,16
DA:50,4
DA:51,4
DA:52,4
DA:55,4
DA:56,4
DA:58,4
LH:25
LF:26
end_of_record
SF:src\utils\Determinism.jl
DA:15,500
DA:24,50
DA:26,1354
DA:27,1304
DA:29,4904
DA:30,372
DA:31,932
DA:32,0
DA:33,932
DA:35,460
DA:37,472
DA:40,50
DA:42,50
DA:43,50
DA:52,100
DA:53,50
DA:54,50
DA:63,440
DA:64,440
DA:65,440
DA:66,880
DA:67,440
LH:21
LF:22
end_of_record
SF:src\viz\PolicyPlots.jl
DA:17,4
DA:26,4
DA:27,2
DA:30,2
DA:31,2
DA:34,2
DA:39,2
DA:40,2
DA:41,4
DA:42,2
DA:44,0
DA:45,0
DA:47,0
DA:48,0
DA:50,2
DA:55,0
DA:59,2
DA:60,8
DA:61,4
DA:62,4
DA:63,4
DA:66,4
DA:69,4
DA:70,4
DA:71,0
DA:72,0
DA:74,0
DA:75,0
DA:77,0
DA:81,0
DA:82,0
DA:85,0
DA:86,0
DA:87,0
DA:88,0
DA:91,0
DA:92,0
DA:93,0
DA:97,0
DA:98,0
DA:99,0
DA:103,0
DA:104,0
DA:108,0
DA:109,0
DA:110,0
DA:115,0
DA:117,6
DA:119,2
DA:120,2
DA:121,2
DA:122,2
DA:137,4
DA:138,2
DA:139,2
DA:140,2
DA:143,2
DA:144,2
DA:145,2
DA:146,0
DA:149,0
DA:150,0
DA:151,0
DA:152,0
DA:153,0
DA:155,0
DA:156,0
DA:159,0
DA:161,0
DA:162,0
DA:163,0
DA:164,0
DA:166,0
DA:167,0
DA:169,0
DA:172,0
DA:173,0
DA:175,0
DA:177,0
DA:179,0
DA:183,0
DA:187,2
DA:193,4
DA:200,2
DA:201,2
DA:202,4
DA:203,2
LH:37
LF:87
end_of_record
SF:src\viz\SimPlots.jl
LH:0
LF:0
end_of_record
SF:src\viz\api.jl
DA:5,0
DA:14,0
LH:0
LF:2
end_of_record
