SF:src\ThesisProject.jl
DA:5,1
DA:6,1
DA:9,1
DA:11,1
DA:14,1
DA:15,1
DA:16,1
DA:20,1
DA:21,1
DA:22,1
DA:23,1
DA:24,1
DA:27,1
DA:28,1
DA:31,1
DA:32,1
DA:33,1
DA:36,1
DA:37,1
DA:38,1
DA:39,1
DA:42,1
DA:45,1
DA:49,1
DA:82,1
LH:25
LF:25
end_of_record
SF:src\analysis\SteadyState.jl
DA:9,2
DA:25,27
DA:26,27
DA:27,27
DA:29,0
DA:30,0
DA:36,27
DA:37,27
DA:38,27
DA:39,27
DA:40,27
DA:41,27
DA:43,27
DA:44,9
DA:45,9
DA:46,9
DA:47,18
DA:49,9
DA:50,9
DA:51,9
DA:53,9
DA:54,9
DA:55,9
DA:59,2
DA:69,10
DA:70,10
DA:71,10
DA:72,10
DA:73,0
DA:78,10
DA:79,10
DA:80,10
DA:83,20
DA:84,10
DA:85,10
DA:86,10
DA:87,10
DA:88,10
LH:35
LF:38
end_of_record
SF:src\core\api.jl
DA:19,1
DA:20,1
DA:28,32
DA:29,774
DA:38,17
DA:39,16
DA:42,17
DA:43,16
DA:46,17
DA:47,16
DA:50,17
DA:51,16
DA:54,1
DA:58,1
DA:62,17
DA:63,16
DA:67,17
DA:68,16
DA:72,18
DA:73,16
LH:20
LF:20
end_of_record
SF:src\core\method_factory.jl
DA:6,2
DA:9,6
DA:10,166
DA:11,678
DA:12,1036
DA:13,987
DA:14,778
DA:15,301
DA:16,353
DA:17,160
DA:18,160
DA:19,129
DA:20,0
DA:21,0
DA:22,58
DA:23,93
DA:24,21
DA:25,22
DA:26,11
DA:28,0
LH:17
LF:20
end_of_record
SF:src\core\model_contract.jl
DA:7,2
DA:12,0
DA:13,0
DA:17,2
DA:22,0
DA:23,0
DA:27,2
DA:32,0
DA:33,0
DA:37,2
DA:42,0
DA:43,0
LH:4
LF:12
end_of_record
SF:src\core\model_factory.jl
DA:8,2
DA:13,658
DA:14,674
DA:15,642
DA:16,642
DA:17,642
DA:22,643
DA:23,642
DA:28,1
LH:9
LF:9
end_of_record
SF:src\methods\EGM.jl
DA:14,25
DA:15,275
DA:18,2
DA:22,24
DA:23,317
DA:24,304
DA:25,526
DA:26,275
DA:29,18
DA:30,34
DA:31,18
DA:37,2
DA:41,26
DA:42,956
DA:48,105
DA:49,491
DA:50,491
DA:51,491
DA:52,478
DA:54,18
DA:55,746
DA:56,268
DA:57,268
DA:58,263
DA:59,5
DA:60,227
DA:61,496
DA:62,17
DA:63,65
DA:64,47
DA:65,49
DA:66,50
DA:67,223
DA:68,187
DA:69,2
DA:70,2
DA:71,2
DA:72,2
DA:73,14
DA:74,14
DA:77,21
DA:78,747
DA:79,269
DA:80,269
DA:81,269
DA:82,269
DA:83,269
DA:84,353
DA:85,552
DA:86,30
DA:87,30
DA:88,30
DA:89,30
DA:90,30
DA:91,60
DA:92,0
DA:93,0
DA:94,0
DA:95,0
DA:96,8
DA:97,269
DA:98,261
DA:99,0
DA:100,0
DA:101,0
DA:102,0
DA:103,30
DA:104,30
DA:106,21
DA:107,739
DA:109,13
DA:110,492
DA:111,529
DA:112,739
DA:113,76
DA:116,46
DA:117,48
DA:118,76
DA:136,13
DA:137,491
DA:138,491
DA:139,491
DA:140,478
DA:143,46
DA:144,46
DA:145,46
DA:146,46
DA:148,13
DA:149,491
DA:150,478
DA:155,46
DA:156,46
DA:163,161
DA:164,112
DA:165,478
DA:166,517
DA:167,517
DA:169,491
DA:170,1081
DA:171,911
DA:172,0
DA:173,151
DA:174,151
DA:175,491
DA:176,46
DA:177,46
DA:178,46
DA:179,491
DA:180,46
DA:181,46
DA:182,46
DA:183,491
DA:184,0
DA:185,0
DA:186,46
DA:187,491
DA:188,478
DA:189,0
DA:190,46
DA:191,13
DA:192,13
DA:193,0
DA:194,524
DA:195,0
DA:196,478
DA:198,59
DA:199,46
DA:200,13
DA:201,0
DA:203,478
DA:205,46
DA:207,59
DA:214,46
LH:118
LF:133
end_of_record
SF:src\methods\NN.jl
DA:12,2
DA:21,11
DA:24,2
DA:34,11
DA:35,11
DA:44,2
DA:51,22
DA:58,11
DA:59,11
DA:60,11
DA:61,11
DA:64,10
DA:65,1
DA:66,1
DA:68,1
DA:85,8
DA:86,8
DA:87,10
DA:88,2
DA:89,2
DA:90,8
DA:91,8
DA:92,2
DA:93,3
DA:94,1
DA:95,1
DA:98,1
DA:99,1
DA:102,8
DA:104,2
DA:105,8
DA:106,8
DA:107,2
DA:108,2
DA:110,1
DA:112,8
DA:113,1
DA:114,3
DA:121,1
DA:122,8
DA:124,2
DA:131,1
LH:42
LF:42
end_of_record
SF:src\methods\Perturbation.jl
DA:13,1
DA:14,50
DA:17,2
DA:24,50
DA:25,50
DA:37,101
DA:43,50
DA:44,50
DA:45,50
DA:46,50
DA:48,60
DA:73,60
DA:74,50
DA:75,50
DA:77,60
DA:87,50
DA:89,50
DA:90,60
DA:97,60
DA:110,50
DA:111,50
DA:112,50
DA:113,50
DA:114,50
DA:115,50
DA:116,0
DA:117,0
DA:119,50
DA:120,0
DA:121,0
DA:123,50
DA:124,50
DA:125,0
DA:128,50
LH:29
LF:34
end_of_record
SF:src\methods\Projection.jl
DA:9,1
DA:10,160
DA:12,2
DA:16,160
DA:17,160
DA:26,321
DA:32,160
DA:33,160
DA:34,160
DA:35,160
DA:37,225
DA:59,225
DA:60,160
DA:61,160
DA:63,225
DA:73,160
DA:75,160
DA:76,225
DA:83,225
DA:93,160
LH:20
LF:20
end_of_record
SF:src\models\baseline\ConsumerSaving.jl
DA:9,1
DA:10,636
DA:16,643
DA:18,1284
DA:19,642
DA:20,642
DA:22,0
DA:26,642
DA:27,642
DA:28,642
DA:29,642
DA:30,642
DA:33,642
DA:34,1284
DA:35,207
DA:39,642
DA:40,1272
DA:41,0
DA:42,0
DA:43,0
DA:45,17495
DA:46,1039257156
DA:47,195289456
DA:49,636
DA:51,636
DA:54,1402
DA:55,1488
DA:56,1246
DA:57,906
LH:25
LF:29
end_of_record
SF:src\models\shared\Shocks.jl
DA:8,5
DA:9,265
DA:14,52
DA:15,1613
DA:16,3
DA:17,243
DA:18,478
DA:19,478
DA:20,475
DA:21,239
DA:22,236
DA:25,4
DA:26,127
DA:27,64
DA:28,64
DA:29,64
DA:30,64
DA:31,96
DA:32,1056
DA:33,70
DA:34,256
DA:35,282
DA:36,1062
DA:37,274
DA:38,814
DA:39,248
DA:40,18
DA:41,576
DA:42,576
DA:43,558
DA:44,60
DA:45,1874
DA:46,436
DA:47,62
DA:50,2
DA:51,208
DA:52,207
DA:53,207
DA:54,207
DA:55,215
DA:56,1179
DA:57,24041
DA:58,1838
DA:59,1838
DA:60,1838
DA:61,1838
DA:62,1836
DA:63,1615
DA:64,207
DA:65,207
DA:66,205
DA:68,2
DA:69,419
DA:70,5
DA:71,1330
DA:72,595
DA:73,1291
DA:74,2015
DA:75,94487
DA:76,46969
DA:77,47325
DA:78,2005
DA:79,1440
DA:80,93520
DA:81,93520
DA:82,8
DA:83,28
DA:85,507
DA:87,4
DA:88,9
DA:89,9
DA:90,267
DA:91,39
DA:92,33
DA:93,3
DA:94,6
DA:95,12
DA:96,228
DA:97,14
DA:98,12
DA:99,266
DA:100,265
DA:101,269
DA:102,265
DA:103,265
DA:104,265
DA:105,259
DA:106,259
DA:107,6
DA:108,18
DA:109,18
DA:110,260
DA:111,283
DA:112,6
DA:113,506
DA:114,0
DA:115,0
DA:116,6
DA:117,6
DA:118,0
DA:119,24
DA:120,18
DA:121,253
DA:122,452
DA:123,0
DA:124,0
DA:125,12
DA:127,271
DA:128,20
DA:129,253
DA:130,253
DA:132,9
DA:133,15
DA:134,235
DA:135,241
DA:136,241
DA:137,226
DA:138,226
DA:140,4
DA:141,4
DA:142,4
DA:143,4
DA:144,4
LH:118
LF:123
end_of_record
SF:src\sim\panel.jl
DA:14,2
DA:21,90
DA:22,522
DA:30,45
DA:31,261
DA:32,45
DA:33,306
DA:34,306
DA:35,261
DA:36,45
DA:37,306
DA:38,261
DA:39,45
DA:40,306
DA:41,306
DA:44,306
DA:46,612
DA:47,612
DA:48,612
DA:49,612
DA:50,261
DA:51,261
DA:56,45
DA:57,45
DA:58,271
DA:59,261
DA:60,93
DA:62,248
DA:64,603
DA:65,55
DA:66,289
DA:67,460
DA:68,4176
DA:69,1043
DA:70,224
DA:71,224
DA:72,203
DA:74,1008
DA:75,1008
DA:76,2793
DA:77,23077
DA:78,22874
DA:79,19824
DA:80,24174
DA:81,82068
DA:82,70610
DA:83,17052
DA:84,10716
DA:85,103770
DA:86,168
DA:87,168
DA:88,168
DA:89,690
DA:90,951
DA:91,2139
DA:92,5076
DA:93,6120
DA:94,4113
DA:95,963
DA:96,3132
DA:97,1314
DA:98,12264
DA:99,5658
DA:100,16233
DA:101,60446
DA:102,27759
DA:103,963
DA:104,1605
DA:105,2247
DA:106,642
DA:107,642
DA:108,669
DA:109,3774
DA:110,4098
DA:111,19758
DA:112,19116
DA:114,14958
DA:115,14616
DA:116,30483
DA:117,15084
DA:118,16344
DA:119,20703
DA:120,17604
DA:121,15306
DA:122,14784
DA:123,1008
DA:124,4058
DA:125,6024
DA:126,4176
DA:127,4500
DA:128,4500
DA:129,6120
DA:130,6336
DA:131,216
DA:132,21600
DA:133,37260
DA:134,9027
DA:135,2520
DA:136,3042
DA:137,3789
DA:138,5337
DA:139,3357
DA:140,1269
DA:141,2448
DA:142,693
DA:143,693
DA:144,1242
DA:145,288
DA:146,2493
DA:147,3852
DA:148,621
DA:149,1350
DA:150,2403
DA:151,414
DA:152,63
DA:153,45
DA:154,315
DA:155,18
DA:156,45
DA:157,36
DA:159,18
DA:164,27
DA:167,18
LH:123
LF:123
end_of_record
SF:src\solvers\common\chebyshev.jl
DA:6,2
DA:11,178884108
DA:13,2
DA:18,19409
DA:20,2
DA:25,715
DA:26,715
DA:27,715
DA:28,1430
DA:29,715
DA:32,2
DA:39,29
DA:40,29
DA:41,29
DA:42,58
DA:43,29
DA:46,2
DA:52,6022939
DA:53,6022939
DA:54,6045878
DA:55,12045911
DA:56,752808034
DA:57,6022936
DA:58,0
DA:59,3
DA:60,6022939
DA:61,6022936
DA:62,10
DA:63,23136761
DA:64,17113821
DA:65,6022936
LH:30
LF:31
end_of_record
SF:src\solvers\common\interp.jl
DA:8,1
DA:9,627
DA:10,52
DA:14,2
DA:22,13386260
DA:28,13386260
DA:29,13386260
DA:30,650973587
DA:31,650973587
DA:32,5376458
DA:33,645597129
DA:34,9540439
DA:36,636056690
DA:37,1272113380
DA:38,636056690
DA:39,636056690
DA:40,636056690
DA:41,636056690
DA:42,636056690
DA:43,636056690
DA:45,1288560914
DA:46,13386260
DA:50,2
DA:58,9615
DA:60,9615
DA:61,19230
DA:62,19230
DA:63,19230
DA:64,9615
DA:65,298305
DA:66,298305
DA:67,586995
DA:69,9615
DA:70,9615
DA:71,9615
DA:72,577380
DA:73,0
DA:74,288690
DA:75,0
DA:77,288690
DA:78,288690
DA:79,288690
DA:81,567765
DA:82,9615
DA:87,2
DA:95,9675
DA:101,9705
DA:102,9675
DA:104,9615
DA:105,9615
DA:106,307950
DA:107,307950
DA:108,8439
DA:109,8439
DA:110,299511
DA:111,93
DA:112,93
DA:114,299418
DA:115,299418
DA:116,299418
DA:117,299418
DA:118,299418
DA:119,299418
DA:120,299418
DA:121,299418
DA:122,299418
DA:123,299418
DA:124,299418
DA:125,606285
DA:126,9615
LH:68
LF:70
end_of_record
SF:src\solvers\common\residuals.jl
DA:10,2
DA:16,264363
DA:17,70976
DA:22,264405
DA:23,70988
DA:24,264321
DA:25,335285
DA:26,335285
DA:27,70964
DA:28,264321
DA:29,25772072
DA:30,32538496
DA:31,19687942
DA:32,28855481
DA:33,7030745
DA:34,70964
DA:36,2
DA:41,63
DA:42,18
DA:46,126
DA:47,99
DA:48,18
DA:50,2
DA:59,651
DA:60,200
DA:64,651
DA:65,872
DA:66,206
DA:67,630
DA:68,824
DA:69,194
DA:70,630
DA:71,824
DA:72,194
DA:73,1260
DA:74,1648
DA:75,388
DA:76,1260
DA:77,1018
DA:78,194
DA:79,1260
DA:80,1018
DA:81,824
DA:82,194
DA:85,2
DA:92,1244237
DA:93,383106
DA:100,1244237
DA:101,1627364
DA:102,1627349
DA:103,1627301
DA:104,1627310
DA:105,383100
DA:106,1244174
DA:107,1627262
DA:108,1627262
DA:109,383088
DA:111,911089237
DA:112,1289088851
DA:113,1288705763
DA:114,396928378
DA:115,899123749
DA:116,379183991
DA:117,3216702
DA:118,884107730
DA:119,2136513094
DA:120,1620702998
DA:121,1252405364
DA:122,1252405364
DA:123,1252405364
DA:124,1252405364
DA:125,1252405364
DA:126,368297634
DA:129,1244174
DA:130,5410900
DA:131,6749056
DA:132,155365481
DA:133,213941033
DA:134,213941033
DA:135,213941033
DA:136,970141859
DA:137,1288705763
DA:138,2044906589
DA:139,851068841
DA:140,362557458
DA:141,127683798
DA:142,4303574
DA:143,383088
DA:145,2
DA:150,1160444
DA:151,360132
DA:157,2320888
DA:158,1880708
DA:159,360132
LH:94
LF:94
end_of_record
SF:src\solvers\common\validators.jl
DA:5,2
DA:10,868
DA:11,434
DA:12,434
DA:13,18866
DA:14,0
DA:16,37298
DA:17,434
DA:20,2
DA:25,1044
DA:26,522
DA:27,522
DA:28,3654
DA:29,179046
DA:30,0
DA:32,354438
DA:33,6786
DA:34,522
DA:37,2
DA:42,1056
DA:44,2
DA:49,1056
LH:20
LF:22
end_of_record
SF:src\solvers\common\value_fun.jl
DA:7,2
DA:13,1566
DA:14,783
DA:15,783
DA:16,42
DA:17,803
DA:18,805
DA:20,20
DA:21,22
DA:22,784
DA:23,1149
DA:24,956
DA:25,173
DA:26,173
DA:27,1
DA:28,0
DA:29,364
DA:30,350
DA:31,6
DA:33,1083
DA:34,437
DA:35,431
DA:36,435
DA:37,2770
DA:38,3116
DA:39,116236
DA:40,118545
DA:41,113884
DA:42,116576
DA:43,4470550
DA:44,4465812
DA:45,2030043
DA:46,14
DA:47,0
DA:48,113888
DA:49,393
DA:50,56
DA:51,189337
DA:52,227009
DA:53,43
DA:54,18
DA:55,32
DA:56,14
DA:57,395
DA:58,6395
DA:59,40934
DA:60,42192
DA:61,45810
DA:62,314467
DA:63,314830
DA:64,314830
DA:65,524514
DA:66,285330
DA:67,250885
DA:68,250254
DA:69,385586
DA:70,965228
DA:71,960627
DA:72,946777
DA:73,6338101
DA:74,6338087
DA:75,6343043
DA:76,6352178
DA:77,934379
DA:78,146615
DA:79,142048
DA:80,142048
DA:81,44968273
DA:82,44968282
DA:83,2550459
DA:85,9
DA:86,145047
DA:87,20552
DA:88,20894
DA:89,253596
DA:90,423215
DA:91,139865
DA:92,139836
DA:93,140174
DA:94,20387
DA:95,3178
DA:96,3178
DA:97,9
DA:99,3168
DA:100,6000
DA:101,0
LH:83
LF:86
end_of_record
SF:src\solvers\egm\kernel.jl
DA:11,2
DA:18,42
DA:19,506
DA:31,21
DA:33,274
DA:34,21
DA:35,21
DA:36,21
DA:38,21
DA:39,21
DA:40,21
DA:43,21
DA:44,21
DA:47,24
DA:48,24
DA:49,25
DA:51,21
DA:52,21
DA:53,432
DA:54,21
DA:55,21
DA:56,24
DA:58,21
DA:59,4035
DA:61,4035
DA:62,4035
DA:64,4035
DA:65,3510
DA:66,730
DA:67,525
DA:68,205
DA:69,205
DA:70,205
DA:71,205
DA:72,4560
DA:73,4240
DA:74,4240
DA:75,205
DA:77,4035
DA:78,866
DA:79,20680
DA:80,0
DA:82,20680
DA:83,205
DA:84,205
DA:85,4035
DA:86,4765
DA:87,205
DA:88,4240
DA:89,4240
DA:90,205
DA:91,4240
DA:92,0
DA:93,205
DA:94,329123
DA:95,4035
DA:96,528674
DA:97,325088
DA:98,4035
DA:99,0
DA:100,325088
DA:102,532709
DA:103,21
DA:104,528695
DA:105,528674
DA:106,329102
DA:108,528674
DA:109,325109
DA:110,21
DA:111,325088
DA:112,325109
DA:113,21
DA:114,325088
DA:115,0
DA:117,325088
DA:118,325088
DA:121,325088
DA:122,0
DA:125,325109
DA:126,176
DA:127,176
DA:129,324912
DA:132,341
DA:133,205
DA:135,205
DA:136,341
DA:137,281
DA:138,205
DA:140,205
DA:141,205
DA:152,38
DA:153,205
DA:154,38
DA:155,38
DA:156,38
DA:157,135
DA:159,38
DA:160,38
DA:161,38
DA:163,38
DA:164,38
DA:165,38
DA:166,38
DA:168,38
DA:169,38
DA:170,86
DA:171,38
DA:172,86
DA:173,48
DA:174,86
DA:175,124
DA:176,38
DA:177,124
DA:178,124
DA:179,86
DA:181,38
DA:182,14486
DA:183,48
DA:184,14402
DA:185,100814
DA:186,78
DA:187,5040778
DA:188,5040778
DA:190,100862
DA:191,100862
DA:192,705746
DA:193,705746
DA:194,48
DA:195,78
DA:197,48
DA:198,9012
DA:199,705698
DA:200,1326506
DA:201,9012
DA:202,100814
DA:203,100814
DA:204,5049712
DA:206,5053474
DA:207,5040700
DA:208,18024
DA:209,116738
DA:210,9012
DA:211,0
DA:212,0
DA:213,9012
DA:214,276228
DA:215,0
DA:216,187226
DA:217,276228
DA:218,28804
DA:219,41578
DA:220,14262
DA:221,14402
DA:222,23414
DA:223,9012
DA:224,14402
DA:225,9050
DA:226,38
DA:228,9012
DA:229,23376
DA:230,1292
DA:232,22084
DA:233,13072
DA:236,23376
DA:237,48
DA:238,48
DA:239,14364
DA:240,8964
DA:241,38
DA:242,38
DA:243,84
DA:244,48
DA:246,48
DA:247,66
DA:248,48
DA:249,48
DA:251,48
DA:252,48
DA:254,38
DA:264,48
DA:268,2
DA:275,558
DA:291,279
DA:308,1
DA:312,559
DA:327,279
DA:329,279
DA:330,279
DA:331,279
DA:332,279
DA:334,279
DA:335,279
DA:336,279
DA:338,279
DA:339,279
DA:340,279
DA:341,279
DA:343,279
DA:344,279
DA:345,279
DA:346,279
DA:347,279
DA:349,279
DA:350,558
DA:351,279
DA:352,558
DA:353,558
DA:354,279
DA:355,558
DA:357,279
DA:358,106407
DA:360,109836
DA:361,744849
DA:363,14163282
DA:364,35584542
DA:366,744849
DA:367,768852
DA:369,5213943
DA:370,8579655
DA:371,5213943
DA:372,9683037
DA:374,744849
DA:375,1225665
DA:376,35584542
DA:378,14163282
DA:379,35584542
DA:380,1383291
DA:382,212814
DA:383,212814
DA:385,106407
DA:386,106407
DA:388,106407
DA:389,250
DA:390,250
DA:393,106157
DA:394,14606
DA:396,91551
DA:397,91551
DA:400,106157
DA:401,29
DA:403,106128
DA:404,279
DA:406,279
DA:407,279
DA:419,279
DA:434,1
LH:238
LF:246
end_of_record
SF:src\solvers\nn\constraints.jl
DA:23,453
DA:46,11
DA:47,11
DA:48,22
DA:51,10
DA:52,10
DA:53,10
DA:64,10
DA:65,10
DA:66,16
DA:69,10
DA:70,10
DA:71,10
DA:83,20
DA:84,12
LH:15
LF:15
end_of_record
SF:src\solvers\nn\data.jl
DA:10,112
DA:23,32
DA:25,80
DA:26,112
DA:27,80
DA:30,32
DA:31,32
DA:32,32
DA:35,112
DA:40,112
DA:41,0
DA:43,224
DA:44,112
DA:45,0
DA:47,112
DA:48,112
DA:50,112
DA:51,112
DA:53,112
DA:54,32
DA:55,16
DA:56,16
DA:57,16
DA:58,16
DA:59,16
DA:61,16
DA:64,224
DA:65,112
DA:66,112
DA:67,112
DA:70,224
DA:71,112
DA:72,80
DA:74,96
DA:77,112
DA:111,224
DA:122,112
DA:123,112
DA:124,112
DA:126,112
DA:127,64
DA:128,64
DA:131,112
DA:135,112
DA:140,112
LH:43
LF:45
end_of_record
SF:src\solvers\nn\init.jl
DA:17,167
DA:19,334
DA:22,167
DA:23,334
DA:27,167
DA:28,167
DA:29,167
DA:30,334
DA:31,334
DA:32,334
DA:34,167
DA:35,167
DA:44,712
DA:45,356
DA:60,135
DA:61,135
DA:64,135
DA:65,257
DA:68,135
DA:69,135
DA:70,135
DA:71,135
DA:74,135
DA:77,135
DA:78,135
DA:79,135
DA:80,135
DA:82,135
DA:83,135
LH:29
LF:29
end_of_record
SF:src\solvers\nn\kernel.jl
DA:7,2
DA:28,40
DA:29,28
DA:30,20
DA:31,28
DA:32,20
DA:33,20
DA:34,20
DA:37,40
DA:38,24
DA:39,44
DA:40,24
DA:41,8
DA:42,48
DA:43,28
DA:44,4
DA:45,24
DA:46,12
DA:47,4
DA:48,28
DA:49,32
DA:50,24
DA:51,16
DA:52,28
DA:54,12
DA:55,4
DA:56,4
DA:57,4
DA:58,8
DA:60,20
DA:61,4
DA:64,4
DA:65,8
DA:68,4
DA:69,4
DA:70,4
DA:72,8
DA:75,4
DA:76,4
DA:77,4
DA:79,4
DA:81,6
DA:87,2
DA:90,4
DA:95,4
DA:96,3
DA:98,1
DA:99,1
DA:100,1
DA:101,1
DA:102,1
DA:104,3
DA:105,1
DA:106,0
DA:108,0
DA:109,0
DA:111,0
DA:112,0
DA:113,1
DA:115,0
DA:116,0
DA:117,0
DA:118,0
DA:120,0
DA:122,0
DA:123,0
DA:125,0
DA:127,0
DA:135,0
DA:139,0
DA:150,0
DA:152,0
DA:153,0
DA:154,0
DA:155,0
DA:156,0
DA:158,0
DA:159,0
DA:160,0
DA:162,0
DA:163,0
DA:165,0
DA:166,0
DA:167,0
DA:169,0
DA:170,0
DA:171,0
DA:172,0
DA:173,0
DA:176,0
DA:178,0
DA:179,0
DA:182,0
DA:183,0
DA:190,0
DA:192,0
DA:195,0
DA:197,0
DA:208,0
DA:223,0
DA:233,0
LH:54
LF:101
end_of_record
SF:src\solvers\nn\loss.jl
DA:28,0
DA:29,0
DA:32,0
DA:33,0
DA:34,0
DA:36,0
DA:37,0
DA:39,0
DA:40,0
DA:44,0
DA:55,6
DA:56,3
DA:57,0
DA:58,3
DA:59,3
DA:60,6
DA:61,3
DA:62,0
DA:63,9
DA:64,6
DA:65,6
DA:66,6
DA:67,3
DA:68,3
DA:69,3
DA:70,12
DA:71,6
DA:72,0
DA:73,6
DA:74,6
DA:76,0
DA:89,22
DA:90,11
DA:92,11
DA:93,11
DA:94,33
DA:95,11
DA:97,33
DA:98,22
DA:99,37
DA:100,24
DA:101,11
DA:102,24
DA:103,13
DA:104,69
DA:105,28
DA:107,28
DA:108,28
DA:109,28
DA:110,12
DA:115,12
DA:116,6
DA:117,6
DA:121,6
DA:122,6
DA:135,0
DA:136,0
DA:137,0
DA:138,0
DA:161,0
DA:162,0
DA:163,0
DA:164,0
DA:196,0
DA:198,0
DA:199,0
DA:200,0
DA:203,0
DA:206,0
DA:207,0
DA:208,0
DA:209,0
DA:212,0
DA:213,0
DA:214,0
DA:217,0
DA:221,0
DA:223,0
DA:224,0
DA:225,0
DA:226,0
DA:227,0
DA:228,0
DA:229,0
DA:230,0
DA:233,0
DA:234,0
DA:235,0
DA:236,0
DA:237,0
DA:238,0
DA:239,0
DA:240,0
DA:241,0
DA:244,0
DA:247,0
DA:249,0
DA:251,0
DA:252,0
DA:253,0
DA:257,0
DA:262,0
DA:263,0
DA:264,0
DA:265,0
DA:266,0
DA:267,0
DA:268,0
DA:269,0
DA:270,0
DA:272,0
DA:273,0
DA:274,0
DA:276,0
DA:279,0
DA:280,0
DA:283,0
DA:284,0
DA:285,0
DA:286,0
DA:287,0
DA:288,0
DA:289,0
DA:290,0
DA:291,0
DA:292,0
DA:293,0
DA:294,0
DA:295,0
DA:311,0
DA:312,0
DA:316,0
DA:317,0
DA:330,0
DA:335,0
DA:374,12
DA:376,16
DA:381,42
DA:382,6
DA:383,14
DA:384,8
DA:385,8
DA:387,0
DA:388,18
DA:389,18
DA:390,18
DA:392,0
DA:394,0
DA:396,0
DA:398,0
DA:399,0
DA:400,0
DA:401,0
DA:402,0
DA:403,0
DA:404,0
DA:406,0
DA:408,0
DA:409,0
DA:410,0
DA:422,0
DA:424,0
DA:426,0
DA:428,0
DA:429,2
DA:430,2
DA:431,0
DA:432,0
DA:433,0
DA:434,0
DA:436,0
DA:438,0
DA:439,2
DA:440,0
DA:459,6
DA:460,6
DA:469,6
LH:57
LF:177
end_of_record
SF:src\solvers\nn\train.jl
DA:23,52
DA:27,52
DA:28,52
DA:29,52
DA:30,52
DA:31,52
DA:32,25
DA:34,52
DA:37,520
DA:46,260
DA:47,260
DA:48,27
DA:49,27
DA:51,260
DA:52,260
DA:64,260
DA:73,104
DA:74,52
DA:81,0
DA:82,0
DA:83,0
DA:84,0
DA:93,105
DA:94,105
DA:95,0
DA:97,105
DA:98,78
DA:99,78
DA:100,78
DA:102,27
DA:103,27
DA:111,221
DA:112,221
DA:113,0
DA:114,0
DA:115,0
DA:116,221
DA:117,0
DA:118,0
DA:119,0
DA:120,221
DA:121,0
DA:122,221
DA:123,0
DA:126,221
DA:131,221
DA:132,221
DA:133,221
DA:136,221
DA:140,0
DA:141,0
DA:144,0
DA:157,247
DA:158,689
DA:159,689
DA:168,442
DA:172,221
DA:173,442
DA:175,442
DA:180,221
DA:181,221
DA:182,0
DA:186,221
DA:189,221
DA:190,221
DA:192,0
DA:193,0
DA:195,221
DA:199,221
DA:207,221
DA:226,78
DA:227,39
DA:228,39
DA:230,39
DA:231,39
DA:232,39
DA:238,39
DA:239,78
DA:241,39
DA:242,65
DA:243,65
DA:244,65
DA:245,78
DA:246,208
DA:247,208
DA:248,208
DA:249,208
DA:250,208
DA:251,247
DA:252,65
DA:255,65
DA:256,65
DA:257,26
DA:258,26
DA:259,26
DA:260,26
DA:261,26
DA:262,26
DA:263,26
DA:264,26
DA:265,26
DA:276,65
DA:277,65
DA:278,0
DA:280,65
DA:282,39
DA:293,13
DA:294,13
DA:295,0
DA:298,13
DA:299,13
DA:312,26
DA:313,13
DA:315,13
DA:316,13
DA:318,26
DA:319,416
DA:320,13
DA:321,52
DA:322,52
DA:323,104
DA:324,52
DA:328,13
DA:332,13
DA:333,13
DA:334,13
LH:105
LF:126
end_of_record
SF:src\solvers\perturbation\kernel.jl
DA:10,2
DA:15,0
DA:16,0
DA:17,0
DA:18,0
DA:19,0
DA:20,0
DA:21,0
DA:22,0
DA:25,0
DA:26,0
DA:29,0
DA:30,0
DA:31,0
DA:32,0
DA:33,0
DA:34,0
DA:35,0
DA:36,0
DA:37,0
DA:38,0
DA:40,0
DA:42,0
DA:43,0
DA:44,0
DA:45,0
DA:46,0
DA:48,0
DA:49,0
DA:50,0
DA:51,0
DA:52,0
DA:53,0
DA:54,0
DA:55,0
DA:56,0
DA:58,0
DA:59,0
DA:60,0
DA:61,0
DA:64,0
DA:65,0
DA:68,2
DA:80,172
DA:81,86
DA:82,86
DA:83,86
DA:84,86
DA:87,2
DA:94,116
DA:104,58
DA:105,58
DA:106,58
DA:107,58
DA:108,58
DA:109,58
DA:110,58
DA:112,58
DA:113,58
DA:114,58
DA:117,58
DA:118,58
DA:119,58
DA:120,0
DA:122,0
DA:138,0
DA:139,0
DA:140,0
DA:141,0
DA:142,0
DA:143,0
DA:148,58
DA:149,58
DA:150,94
DA:151,58
DA:152,94
DA:153,58
DA:155,58
DA:156,58
DA:157,58
DA:159,58
DA:160,58
DA:161,58
DA:162,58
DA:175,58
DA:188,2
DA:194,56
DA:206,28
DA:207,28
DA:208,28
DA:209,28
DA:210,28
DA:211,28
DA:212,28
DA:213,28
DA:214,28
DA:216,28
DA:217,0
DA:220,28
DA:221,28
DA:222,28
DA:224,28
DA:227,0
DA:231,28
DA:232,28
DA:233,28
DA:236,28
DA:237,28
DA:238,28
DA:239,28
DA:240,28
DA:241,0
DA:242,0
DA:244,0
DA:245,0
DA:277,0
DA:278,0
DA:279,0
DA:280,0
DA:281,0
DA:285,56
DA:286,56
DA:287,28
DA:288,28
DA:289,196
DA:290,196
DA:291,5516
DA:292,5516
DA:293,5516
DA:294,11032
DA:295,5516
DA:296,5516
DA:297,5516
DA:298,364
DA:300,28
DA:301,28
DA:302,28
DA:304,28
DA:305,28
DA:306,28
DA:307,28
DA:320,28
LH:82
LF:142
end_of_record
SF:src\solvers\projection\coefficients.jl
DA:7,2
DA:14,1
DA:15,1
DA:16,3084621
DA:17,1
DA:18,1
DA:21,1542310
DA:22,1542310
DA:23,3063082
DA:24,1542310
LH:10
LF:10
end_of_record
SF:src\solvers\projection\kernel.jl
DA:11,307
DA:12,153
DA:13,153
DA:14,4887
DA:15,0
DA:17,9621
DA:18,153
DA:21,247
DA:22,123
DA:23,123
DA:24,513
DA:25,16002
DA:26,0
DA:28,31491
DA:29,903
DA:30,123
DA:33,2
DA:52,306
DA:62,153
DA:64,153
DA:65,153
DA:66,153
DA:67,153
DA:69,153
DA:70,153
DA:71,153
DA:73,153
DA:75,153
DA:76,153
DA:77,153
DA:78,153
DA:79,153
DA:80,153
DA:82,153
DA:83,153
DA:84,153
DA:85,153
DA:86,153
DA:87,153
DA:88,153
DA:89,153
DA:90,153
DA:92,153
DA:93,182
DA:95,182
DA:96,308
DA:97,308
DA:99,182
DA:100,182
DA:101,182
DA:102,182
DA:104,182
DA:105,182
DA:107,182
DA:108,21918
DA:109,36984
DA:110,21918
DA:112,21918
DA:113,36984
DA:115,36984
DA:116,21918
DA:118,21918
DA:119,36984
DA:120,21918
DA:121,36984
DA:122,21918
DA:123,182
DA:124,182
DA:126,21736
DA:128,308
DA:129,182
DA:131,182
DA:132,182
DA:133,182
DA:134,182
DA:136,182
DA:137,182
DA:138,182
DA:139,182
DA:140,182
DA:141,182
DA:142,182
DA:143,182
DA:144,182
DA:145,182
DA:146,182
DA:148,182
DA:150,153
DA:151,153
DA:152,306
DA:153,0
DA:155,153
DA:156,261
DA:157,153
DA:158,153
DA:160,153
DA:161,153
DA:164,153
DA:178,2
DA:197,246
DA:208,123
DA:210,123
DA:211,123
DA:212,123
DA:213,123
DA:215,123
DA:216,123
DA:217,123
DA:219,123
DA:220,123
DA:222,123
DA:224,123
DA:225,123
DA:226,123
DA:227,123
DA:228,123
DA:229,123
DA:231,123
DA:232,123
DA:233,123
DA:234,123
DA:235,123
DA:236,123
DA:237,123
DA:238,123
DA:239,123
DA:241,123
DA:242,152
DA:244,304
DA:245,152
DA:246,152
DA:247,600
DA:248,1068
DA:249,1068
DA:250,1048
DA:252,152
DA:253,304
DA:254,304
DA:255,152
DA:256,152
DA:258,152
DA:259,152
DA:261,152
DA:262,1520000
DA:264,1520000
DA:265,6000000
DA:266,10680000
DA:267,6000000
DA:269,6000000
DA:270,6000000
DA:271,6000000
DA:272,52200000
DA:273,52200000
DA:274,50160000
DA:275,6000000
DA:276,10680000
DA:277,6000000
DA:278,10480000
DA:280,1520000
DA:281,3040000
DA:282,1520000
DA:283,3040000
DA:284,1520000
DA:285,1520000
DA:286,1520000
DA:287,0
DA:288,0
DA:290,1520000
DA:292,152
DA:293,600
DA:294,1068
DA:295,600
DA:296,1048
DA:298,152
DA:299,152
DA:300,152
DA:301,152
DA:303,152
DA:304,152
DA:305,152
DA:306,152
DA:307,152
DA:308,152
DA:309,152
DA:310,152
DA:311,152
DA:312,152
DA:313,152
DA:315,152
DA:317,123
DA:318,123
DA:319,123
DA:320,0
DA:321,0
DA:322,0
DA:324,123
DA:325,123
DA:326,513
DA:327,927
DA:328,903
DA:329,123
DA:330,123
DA:332,123
DA:333,123
DA:336,123
LH:197
LF:205
end_of_record
SF:src\utils\Config.jl
DA:8,3569
DA:9,3568
DA:10,1070
DA:11,2498
DA:12,78
DA:14,2420
DA:18,2
DA:23,162
DA:24,162
DA:25,162
DA:28,2
DA:34,17
DA:35,226
DA:36,17
DA:37,243
DA:38,812
DA:39,311
DA:40,17
DA:43,17
DA:46,17
DA:47,243
DA:48,51
DA:49,68
DA:50,17
DA:51,17
DA:52,17
DA:55,17
DA:56,17
DA:58,243
DA:64,920
DA:65,888
DA:66,1098
DA:69,210
DA:72,210
DA:74,210
DA:75,226
DA:76,32
DA:78,210
DA:79,226
DA:80,32
DA:82,210
DA:83,840
DA:84,840
DA:86,1050
DA:87,226
DA:90,194
DA:91,194
DA:92,194
DA:95,194
DA:96,194
DA:97,582
DA:98,776
DA:99,194
DA:100,210
DA:101,178
DA:102,178
DA:103,194
DA:107,324
DA:110,162
DA:111,162
DA:116,162
DA:117,162
DA:118,162
DA:119,178
DA:124,292
DA:125,146
DA:128,292
DA:129,146
DA:132,292
DA:133,146
DA:138,292
DA:139,146
DA:140,162
DA:144,260
DA:145,16
DA:146,32
DA:148,0
DA:150,0
DA:151,0
DA:153,0
DA:154,0
DA:160,114
DA:161,0
DA:162,0
DA:163,0
DA:165,0
DA:166,0
DA:170,0
DA:171,0
DA:177,114
DA:178,0
DA:179,0
DA:182,0
DA:183,0
DA:184,0
DA:187,0
DA:188,0
DA:189,0
DA:192,0
DA:193,0
DA:194,0
DA:200,0
DA:201,0
DA:204,0
DA:205,0
DA:211,228
DA:214,32
DA:216,32
DA:217,48
DA:222,32
DA:225,16
DA:229,32
DA:231,0
DA:234,0
DA:236,0
DA:237,0
DA:239,0
DA:240,0
DA:241,0
DA:242,0
DA:244,0
DA:245,0
DA:248,0
DA:249,0
DA:255,98
DA:256,16
DA:257,16
DA:258,32
DA:259,0
DA:260,0
DA:267,16
DA:271,0
DA:275,132
DA:276,66
DA:277,66
DA:278,66
DA:280,16
DA:284,50
LH:96
LF:138
end_of_record
SF:src\utils\Determinism.jl
DA:10,2
DA:15,4835
DA:19,2
DA:24,818
DA:26,23134
DA:27,22316
DA:29,84366
DA:30,5998
DA:31,16318
DA:32,699
DA:33,15619
DA:35,6746
DA:37,8873
DA:40,818
DA:42,818
DA:43,818
DA:47,2
DA:52,1636
DA:53,818
DA:54,818
DA:58,2
DA:63,4010
DA:64,4010
DA:65,4010
DA:66,8020
DA:67,4010
LH:26
LF:26
end_of_record
SF:src\viz\PolicyPlots.jl
DA:5,60
DA:17,6
DA:21,60
DA:26,6
DA:27,3
DA:30,63
DA:31,33
DA:34,33
DA:35,30
DA:38,30
DA:39,3
DA:40,3
DA:41,6
DA:42,3
DA:43,30
DA:44,30
DA:45,60
DA:46,30
DA:47,0
DA:48,0
DA:49,0
DA:50,3
DA:51,0
DA:52,0
DA:54,30
DA:55,0
DA:59,3
DA:60,12
DA:61,6
DA:62,6
DA:63,37
DA:64,120
DA:65,60
DA:66,66
DA:67,60
DA:69,6
DA:70,66
DA:71,0
DA:72,0
DA:73,60
DA:74,60
DA:75,0
DA:76,0
DA:77,0
DA:78,0
DA:79,0
DA:81,0
DA:82,0
DA:85,0
DA:86,0
DA:87,0
DA:88,0
DA:89,0
DA:90,0
DA:91,0
DA:92,0
DA:93,0
DA:95,0
DA:96,0
DA:97,0
DA:98,0
DA:99,0
DA:101,0
DA:102,0
DA:103,0
DA:104,0
DA:107,0
DA:108,0
DA:109,0
DA:110,0
DA:112,0
DA:113,0
DA:114,0
DA:115,0
DA:117,9
DA:119,3
DA:120,3
DA:121,93
DA:122,3
DA:123,30
DA:124,30
DA:125,30
DA:126,30
DA:137,6
DA:138,3
DA:139,3
DA:140,3
DA:141,60
DA:142,30
DA:143,33
DA:144,33
DA:145,3
DA:146,0
DA:147,30
DA:148,30
DA:149,30
DA:150,0
DA:151,0
DA:152,0
DA:153,0
DA:154,0
DA:155,0
DA:156,0
DA:157,0
DA:159,0
DA:160,0
DA:161,0
DA:162,0
DA:163,0
DA:164,0
DA:165,0
DA:166,0
DA:167,0
DA:168,0
DA:169,0
DA:170,0
DA:171,0
DA:172,0
DA:173,0
DA:175,0
DA:176,0
DA:177,0
DA:179,0
DA:181,0
DA:183,0
DA:187,3
DA:191,30
DA:193,6
DA:197,30
DA:198,30
DA:199,30
DA:200,33
DA:201,63
DA:202,36
DA:203,3
LH:64
LF:135
end_of_record
SF:src\viz\SimPlots.jl
LH:0
LF:0
end_of_record
SF:src\viz\api.jl
DA:1,2
DA:5,0
DA:10,2
DA:14,0
LH:2
LF:4
end_of_record
